<?xml version="1.0" encoding="UTF-8"?>
<!-- Generated by org.testng.reporters.JUnitReportReporter -->
<testsuite hostname="LAPTOP-5B087GNM" failures="0" tests="1" name="Com.testscript.Carlist" time="20.784" errors="0" timestamp="2021-12-27T01:50:40 MYT" skipped="0">
  <testcase classname="Com.testscript.Carlist" name="verifycostofcartest" time="20.784"/>
  <system-out/>
</testsuite> <!-- Com.testscript.Carlist -->
